Build started 02.06.2017 16:39:54.
     1>Project "E:\Diplom_4\Apple Harvest\Apple Harvest.vcxproj" on node 2 (build target(s)).
     1>InitializeBuildStatus:
         Creating "Debug\Apple Harvest.unsuccessfulbuild" because "AlwaysCreate" was specified.
       ClCompile:
         C:\Program Files (x86)\Microsoft Visual Studio 10.0\VC\bin\CL.exe /c /I"D:\SFML-2.1\include" /ZI /nologo /W3 /WX- /Od /Oy- /D SFML_DYNAMIC /D _MBCS /D _MBCS /Gm /EHsc /RTC1 /MDd /GS /fp:precise /Zc:wchar_t /Zc:forScope /Fo"Debug\\" /Fd"Debug\vc100.pdb" /Gd /TP /analyze- /errorReport:prompt main.cpp
         main.cpp
     1>e:\diplom_4\apple harvest\main.cpp(29): warning C4482: nonstandard extension used: enum 'Controls' used in qualified name
     1>e:\diplom_4\apple harvest\main.cpp(30): warning C4482: nonstandard extension used: enum 'Controls' used in qualified name
     1>e:\diplom_4\apple harvest\main.cpp(31): warning C4482: nonstandard extension used: enum 'Controls' used in qualified name
     1>e:\diplom_4\apple harvest\main.cpp(32): warning C4482: nonstandard extension used: enum 'Controls' used in qualified name
     1>e:\diplom_4\apple harvest\main.cpp(36): warning C4482: nonstandard extension used: enum 'Controls' used in qualified name
     1>e:\diplom_4\apple harvest\main.cpp(37): warning C4482: nonstandard extension used: enum 'Controls' used in qualified name
     1>e:\diplom_4\apple harvest\main.cpp(38): warning C4482: nonstandard extension used: enum 'Controls' used in qualified name
     1>e:\diplom_4\apple harvest\main.cpp(39): warning C4482: nonstandard extension used: enum 'Controls' used in qualified name
     1>e:\diplom_4\apple harvest\main.cpp(41): warning C4482: nonstandard extension used: enum 'Controls' used in qualified name
     1>e:\diplom_4\apple harvest\main.cpp(86): warning C4244: 'argument' : conversion from 'size_t' to 'float', possible loss of data
     1>e:\diplom_4\apple harvest\main.cpp(100): warning C4244: 'argument' : conversion from 'size_t' to 'float', possible loss of data
     1>e:\diplom_4\apple harvest\main.cpp(112): warning C4800: 'void *' : forcing value to bool 'true' or 'false' (performance warning)
     1>e:\diplom_4\apple harvest\main.cpp(146): warning C4996: 'fopen': This function or variable may be unsafe. Consider using fopen_s instead. To disable deprecation, use _CRT_SECURE_NO_WARNINGS. See online help for details.
                 c:\program files (x86)\microsoft visual studio 10.0\vc\include\stdio.h(234) : see declaration of 'fopen'
     1>e:\diplom_4\apple harvest\main.cpp(148): warning C4996: 'fscanf': This function or variable may be unsafe. Consider using fscanf_s instead. To disable deprecation, use _CRT_SECURE_NO_WARNINGS. See online help for details.
                 c:\program files (x86)\microsoft visual studio 10.0\vc\include\stdio.h(253) : see declaration of 'fscanf'
     1>e:\diplom_4\apple harvest\main.cpp(205): warning C4244: 'initializing' : conversion from 'sf::Int32' to 'float', possible loss of data
     1>e:\diplom_4\apple harvest\main.cpp(211): warning C4244: 'argument' : conversion from 'sf::Uint32' to 'float', possible loss of data
     1>e:\diplom_4\apple harvest\main.cpp(211): warning C4244: 'argument' : conversion from 'sf::Uint32' to 'float', possible loss of data
     1>e:\diplom_4\apple harvest\main.cpp(218): warning C4996: 'fopen': This function or variable may be unsafe. Consider using fopen_s instead. To disable deprecation, use _CRT_SECURE_NO_WARNINGS. See online help for details.
                 c:\program files (x86)\microsoft visual studio 10.0\vc\include\stdio.h(234) : see declaration of 'fopen'
       ResourceCompile:
         All outputs are up-to-date.
       Link:
         C:\Program Files (x86)\Microsoft Visual Studio 10.0\VC\bin\link.exe /ERRORREPORT:PROMPT /OUT:"E:\Diplom_4\Apple Harvest\Debug\Apple Harvest.exe" /NOLOGO /LIBPATH:"D:\SFML-2.1\lib" "sfml-graphics-d.lib" "sfml-window-d.lib" "sfml-system-d.lib" "sfml-audio-d.lib" kernel32.lib user32.lib gdi32.lib winspool.lib comdlg32.lib advapi32.lib shell32.lib ole32.lib oleaut32.lib uuid.lib odbc32.lib odbccp32.lib kernel32.lib user32.lib gdi32.lib winspool.lib comdlg32.lib advapi32.lib shell32.lib ole32.lib oleaut32.lib uuid.lib odbc32.lib odbccp32.lib /MANIFEST /ManifestFile:"Debug\Apple Harvest.exe.intermediate.manifest" /MANIFESTUAC:"level='asInvoker' uiAccess='false'" /DEBUG /PDB:"E:\Diplom_4\Apple Harvest\Debug\Apple Harvest.pdb" /TLBID:1 /DYNAMICBASE /NXCOMPAT /IMPLIB:"E:\Diplom_4\Apple Harvest\Debug\Apple Harvest.lib" /MACHINE:X86 "Debug\Apple Harvest.res"
         Debug\Buttons.obj
         Debug\ButtonsBase.obj
         Debug\GameMain.obj
         Debug\main.obj
         Debug\tinystr.obj
         Debug\tinyxml.obj
         Debug\tinyxmlerror.obj
         Debug\tinyxmlparser.obj
         LINK : E:\Diplom_4\Apple Harvest\Debug\Apple Harvest.exe not found or not built by the last incremental link; performing full link
         Apple Harvest.vcxproj -> E:\Diplom_4\Apple Harvest\Debug\Apple Harvest.exe
       Manifest:
         C:\Program Files (x86)\Microsoft SDKs\Windows\v7.0A\bin\mt.exe /nologo /verbose /outputresource:"E:\Diplom_4\Apple Harvest\Debug\Apple Harvest.exe;#1" /manifest "Debug\Apple Harvest.exe.intermediate.manifest"
       FinalizeBuildStatus:
         Deleting file "Debug\Apple Harvest.unsuccessfulbuild".
         Touching "Debug\Apple Harvest.lastbuildstate".
     1>Done Building Project "E:\Diplom_4\Apple Harvest\Apple Harvest.vcxproj" (build target(s)).

Build succeeded.

Time Elapsed 00:00:02.86
